info: Logging durch Winston ist konfiguriert {"timestamp":"2018-10-28T18:40:33.181Z"}
info: Die Benutzerkennungen sind eingelesen: [{"_id":"20000000-0000-0000-0000-000000000001","username":"admin","password":"$2b$12$jC0vLwqFtvikW9hrKL4RZ.ZMeaW5r/jYrNkm.ub23bMWL/mE2O20O","email":"admin@hska.de","roles":["admin","mitarbeiter","abteilungsleiter","kunde"]},{"_id":"20000000-0000-0000-0000-000000000002","username":"adriana.alpha","password":"$2b$12$jC0vLwqFtvikW9hrKL4RZ.ZMeaW5r/jYrNkm.ub23bMWL/mE2O20O","email":"adriana.alpha@hska.de","roles":["admin","mitarbeiter","kunde"]},{"_id":"20000000-0000-0000-0000-000000000003","username":"alfred.alpha","password":"$2b$12$jC0vLwqFtvikW9hrKL4RZ.ZMeaW5r/jYrNkm.ub23bMWL/mE2O20O","email":"alfred.alpha@hska.de","roles":["mitarbeiter","kunde"]},{"_id":"20000000-0000-0000-0000-000000000004","username":"anton.alpha","password":"$2b$12$jC0vLwqFtvikW9hrKL4RZ.ZMeaW5r/jYrNkm.ub23bMWL/mE2O20O","email":"anton.alpha@hska.de","roles":["mitarbeiter","kunde"]},{"_id":"20000000-0000-0000-0000-000000000005","username":"dirk.delta","password":"$2b$12$jC0vLwqFtvikW9hrKL4RZ.ZMeaW5r/jYrNkm.ub23bMWL/mE2O20O","email":"dirk.delta@hska.de","roles":["kunde"]},{"_id":"20000000-0000-0000-0000-000000000006","username":"emil.epsilon","password":"$2b$12$jC0vLwqFtvikW9hrKL4RZ.ZMeaW5r/jYrNkm.ub23bMWL/mE2O20O","email":"emil.epsilon@hska.de"}] {"timestamp":"2018-10-28T18:40:33.644Z"}
info: Node v10.11.0 {"timestamp":"2018-10-28T18:40:33.875Z"}
info: Testserver ist gestartet: http://localhost:53299 {"timestamp":"2018-10-28T18:40:33.877Z"}
verbose: > SharedRequestHandler.logRequestHeader(): args = <RequestResponse> {"timestamp":"2018-10-28T18:40:33.899Z"}
debug: Request: headers={
  "host": "127.0.0.1:53299",
  "accept-encoding": "gzip, deflate",
  "user-agent": "node-superagent/3.8.3",
  "connection": "close"
} {"timestamp":"2018-10-28T18:40:33.899Z"}
debug: Request: protocol="http" {"timestamp":"2018-10-28T18:40:33.899Z"}
debug: Request: hostname="127.0.0.1" {"timestamp":"2018-10-28T18:40:33.900Z"}
debug: > ArticlehRequestHandler.find(): args = <RequestResponse> {"timestamp":"2018-10-28T18:40:33.903Z"}
debug: ArticleRequestHandler.find queryParams = {} {"timestamp":"2018-10-28T18:40:33.903Z"}
debug: > ArticleService.find(): args = [{}] {"timestamp":"2018-10-28T18:40:33.903Z"}
debug: < ArticleService.find(): result = {} {"timestamp":"2018-10-28T18:40:33.906Z"}
debug: < ArticlehRequestHandler.find(): result = {} {"timestamp":"2018-10-28T18:40:33.906Z"}
verbose: < SharedRequestHandler.logRequestHeader(): result = void || undefined {"timestamp":"2018-10-28T18:40:33.906Z"}
info: DB-Verbindung zu hska ist aufgebaut {"timestamp":"2018-10-28T18:40:34.977Z"}
debug: ArticleRequestHandler.find: article = [{"_id":"f3d1e940-66ac-44e0-bb85-fae2a980141f","ean":161180,"description":"Commodo do occaecat enim dolor ex officia cillum laboris duis enim dolore mollit.","price":3954.98,"availability":true,"manufacturer":"aliqua"},{"_id":"1919bbaf-b598-4f7b-b975-0b801be4c1a2","ean":911631,"description":"Ut Lorem nisi esse voluptate nulla dolor qui laboris fugiat.","price":1995.34,"availability":true,"manufacturer":"aute"},{"_id":"7637ca05-0cd5-48a4-a03e-3ada51cee420","ean":409010,"description":"Dolore velit sit do velit ut non eiusmod.","price":2979.59,"availability":true,"manufacturer":"dolore"},{"_id":"2a40aa5d-24b9-4f94-b077-e7140c00cf25","ean":356669,"description":"Elit velit magna labore qui magna amet ex occaecat ut qui.","price":1080.34,"availability":false,"manufacturer":"ea"},{"_id":"0ca33d98-483f-4168-b9c0-86b11ebd3cc6","ean":781641,"description":"Voluptate velit anim ad do quis proident mollit cupidatat magna labore in consequat est ullamco.","price":2810.58,"availability":false,"manufacturer":"esse"},{"_id":"0ceaa16c-a9f4-4b57-b0b4-3b93de2b7684","ean":733096,"description":"Voluptate sint enim est tempor officia pariatur do aute sunt minim veniam amet proident.","price":3824.01,"availability":true,"manufacturer":"est"},{"_id":"3b953e19-4264-49d2-a98d-ed1b2b36d37f","ean":737771,"description":"Consectetur nostrud quis in ut cillum enim minim aliquip culpa aliqua commodo reprehenderit esse ea.","price":2621.49,"availability":true,"manufacturer":"minim"}] {"timestamp":"2018-10-28T18:40:34.989Z"}
debug: Response time: 1092.947786 ms {"timestamp":"2018-10-28T18:40:34.992Z"}
verbose: > SharedRequestHandler.logRequestHeader(): args = <RequestResponse> {"timestamp":"2018-10-28T18:40:35.013Z"}
debug: Request: headers={
  "host": "127.0.0.1:53299",
  "accept-encoding": "gzip, deflate",
  "user-agent": "node-superagent/3.8.3",
  "connection": "close"
} {"timestamp":"2018-10-28T18:40:35.013Z"}
debug: Request: protocol="http" {"timestamp":"2018-10-28T18:40:35.013Z"}
debug: Request: hostname="127.0.0.1" {"timestamp":"2018-10-28T18:40:35.013Z"}
verbose: > SharedRequestHandler.validateUUID(): args = <RequestResponse> {"timestamp":"2018-10-28T18:40:35.015Z"}
debug: > ArticlehRequestHandler.findById(): args = <RequestResponse> {"timestamp":"2018-10-28T18:40:35.015Z"}
debug: ArticleRequestHandler.findById id = 0ca33d98-483f-4168-b9c0-86b11ebd3cc6 {"timestamp":"2018-10-28T18:40:35.016Z"}
debug: > ArticleService.findById(): args = ["0ca33d98-483f-4168-b9c0-86b11ebd3cc6"] {"timestamp":"2018-10-28T18:40:35.016Z"}
debug: < ArticleService.findById(): result = {} {"timestamp":"2018-10-28T18:40:35.016Z"}
debug: < ArticlehRequestHandler.findById(): result = {} {"timestamp":"2018-10-28T18:40:35.016Z"}
verbose: < SharedRequestHandler.validateUUID(): result = void || undefined {"timestamp":"2018-10-28T18:40:35.016Z"}
verbose: < SharedRequestHandler.logRequestHeader(): result = void || undefined {"timestamp":"2018-10-28T18:40:35.017Z"}
debug: ArticleRequestHandler.findById (): article = {"_id":"0ca33d98-483f-4168-b9c0-86b11ebd3cc6","ean":781641,"description":"Voluptate velit anim ad do quis proident mollit cupidatat magna labore in consequat est ullamco.","price":2810.58,"availability":false,"manufacturer":"esse"} {"timestamp":"2018-10-28T18:40:35.022Z"}
debug: ArticleRequestHandler.findById VersionDb = undefined {"timestamp":"2018-10-28T18:40:35.022Z"}
debug: Response time: 9.433087 ms {"timestamp":"2018-10-28T18:40:35.022Z"}
verbose: > SharedRequestHandler.logRequestHeader(): args = <RequestResponse> {"timestamp":"2018-10-28T18:40:35.028Z"}
debug: Request: headers={
  "host": "127.0.0.1:53299",
  "accept-encoding": "gzip, deflate",
  "user-agent": "node-superagent/3.8.3",
  "connection": "close"
} {"timestamp":"2018-10-28T18:40:35.028Z"}
debug: Request: protocol="http" {"timestamp":"2018-10-28T18:40:35.029Z"}
debug: Request: hostname="127.0.0.1" {"timestamp":"2018-10-28T18:40:35.029Z"}
verbose: > SharedRequestHandler.validateUUID(): args = <RequestResponse> {"timestamp":"2018-10-28T18:40:35.030Z"}
debug: > ArticlehRequestHandler.findById(): args = <RequestResponse> {"timestamp":"2018-10-28T18:40:35.030Z"}
debug: ArticleRequestHandler.findById id = 00000000-0000-0000-0000-000000000999 {"timestamp":"2018-10-28T18:40:35.030Z"}
debug: > ArticleService.findById(): args = ["00000000-0000-0000-0000-000000000999"] {"timestamp":"2018-10-28T18:40:35.030Z"}
debug: < ArticleService.findById(): result = {} {"timestamp":"2018-10-28T18:40:35.030Z"}
debug: < ArticlehRequestHandler.findById(): result = {} {"timestamp":"2018-10-28T18:40:35.030Z"}
verbose: < SharedRequestHandler.validateUUID(): result = void || undefined {"timestamp":"2018-10-28T18:40:35.030Z"}
verbose: < SharedRequestHandler.logRequestHeader(): result = void || undefined {"timestamp":"2018-10-28T18:40:35.030Z"}
debug: ArticleRequestHandler.findById status = 404 {"timestamp":"2018-10-28T18:40:35.032Z"}
debug: Response time: 4.836778 ms {"timestamp":"2018-10-28T18:40:35.033Z"}
verbose: > SharedRequestHandler.logRequestHeader(): args = <RequestResponse> {"timestamp":"2018-10-28T18:40:35.043Z"}
debug: Request: headers={
  "host": "127.0.0.1:53299",
  "accept-encoding": "gzip, deflate",
  "user-agent": "node-superagent/3.8.3",
  "content-type": "application/x-www-form-urlencoded",
  "content-length": "25",
  "connection": "close"
} {"timestamp":"2018-10-28T18:40:35.043Z"}
debug: Request: protocol="http" {"timestamp":"2018-10-28T18:40:35.043Z"}
debug: Request: hostname="127.0.0.1" {"timestamp":"2018-10-28T18:40:35.043Z"}
verbose: < SharedRequestHandler.logRequestHeader(): result = void || undefined {"timestamp":"2018-10-28T18:40:35.061Z"}
verbose: > AuthRequestHandler.login(): args = <RequestResponse> {"timestamp":"2018-10-28T18:40:35.062Z"}
verbose: > AuthService.login(): args = <RequestResponse> {"timestamp":"2018-10-28T18:40:35.062Z"}
verbose: > UsersService.findByUsername(): args = ["admin"] {"timestamp":"2018-10-28T18:40:35.063Z"}
verbose: < UsersService.findByUsername(): result = {"_id":"20000000-0000-0000-0000-000000000001","username":"admin","password":"$2b$12$jC0vLwqFtvikW9hrKL4RZ.ZMeaW5r/jYrNkm.ub23bMWL/mE2O20O","email":"admin@hska.de","roles":["admin","mitarbeiter","abteilungsleiter","kunde"]} {"timestamp":"2018-10-28T18:40:35.063Z"}
verbose: > AuthService.checkPassword(): args = [{"_id":"20000000-0000-0000-0000-000000000001","username":"admin","password":"$2b$12$jC0vLwqFtvikW9hrKL4RZ.ZMeaW5r/jYrNkm.ub23bMWL/mE2O20O","email":"admin@hska.de","roles":["admin","mitarbeiter","abteilungsleiter","kunde"]},"p"] {"timestamp":"2018-10-28T18:40:35.063Z"}
verbose: < AuthService.checkPassword(): result = {} {"timestamp":"2018-10-28T18:40:35.064Z"}
verbose: < AuthService.login(): result = {} {"timestamp":"2018-10-28T18:40:35.064Z"}
verbose: < AuthRequestHandler.login(): result = {} {"timestamp":"2018-10-28T18:40:35.064Z"}
debug: Response time: 345.513424 ms {"timestamp":"2018-10-28T18:40:35.389Z"}
verbose: > SharedRequestHandler.logRequestHeader(): args = <RequestResponse> {"timestamp":"2018-10-28T18:40:35.394Z"}
debug: Request: headers={
  "host": "127.0.0.1:53299",
  "accept-encoding": "gzip, deflate",
  "user-agent": "node-superagent/3.8.3",
  "authorization": "Bearer eyJhbGciOiJSUzI1NiJ9.eyJpYXQiOjE1NDA3NTIwMzUsImlzcyI6Imh0dHBzOi8vaHNrYS5kZS9zaG9wL0p1ZXJnZW5aaW1tZXJtYW5uIiwic3ViIjoiMjAwMDAwMDAtMDAwMC0wMDAwLTAwMDAtMDAwMDAwMDAwMDAxIiwianRpIjoiYmY0NmQ2ZGQtYzA5MS00YjBmLTkwZGItYjc4ZTJmMDA5MDQyIiwiZXhwIjoxNTQwODM4NDM1fQ.r_cLZ57WRM3AT9USxUpJ-5BUIl3KsT-1URVM1wHab1PI_4cXoJM2TbjFh0s8nZ5sv0KPeSu5YhU76r_kdsC2r3W-ScfABXXFYe_KMSqFbLG7PAeJNoSHACWJrguEQwEmEQLZrpK86aHtKT-lISA24myBLIjLrKdFbZrG-JarSDogwf7SSFuwXRkoU9sRw1R6DxZgzckH5xFM5u6JyY27sBMqUKMWsnNTigbryhROTofV8qlIW2fdNnDl3kcPHdOlSvgvJvGx2iqdfqx_OaI59foEbhM1O-J5tEWGCPTdQIz-OSobiOSynDmcSTnB_T1wX6TGP3B1efkE8KD5k5I7tg",
  "content-type": "application/json",
  "content-length": "95",
  "connection": "close"
} {"timestamp":"2018-10-28T18:40:35.394Z"}
debug: Request: protocol="http" {"timestamp":"2018-10-28T18:40:35.394Z"}
debug: Request: hostname="127.0.0.1" {"timestamp":"2018-10-28T18:40:35.394Z"}
verbose: > SharedRequestHandler.validateContentType(): args = <RequestResponse> {"timestamp":"2018-10-28T18:40:35.395Z"}
verbose: > AuthRequestHandler.validateJwt(): args = <RequestResponse> {"timestamp":"2018-10-28T18:40:35.396Z"}
verbose: > AuthService.validateJwt(): args = <RequestResponse> {"timestamp":"2018-10-28T18:40:35.396Z"}
verbose: > UsersService.findById(): args = ["20000000-0000-0000-0000-000000000001"] {"timestamp":"2018-10-28T18:40:35.398Z"}
verbose: < UsersService.findById(): result = {"_id":"20000000-0000-0000-0000-000000000001","username":"admin","password":"$2b$12$jC0vLwqFtvikW9hrKL4RZ.ZMeaW5r/jYrNkm.ub23bMWL/mE2O20O","email":"admin@hska.de","roles":["admin","mitarbeiter","abteilungsleiter","kunde"]} {"timestamp":"2018-10-28T18:40:35.398Z"}
verbose: < AuthService.validateJwt(): result = void || undefined {"timestamp":"2018-10-28T18:40:35.398Z"}
verbose: > AuthRequestHandler.isAdminMitarbeiter(): args = <RequestResponse> {"timestamp":"2018-10-28T18:40:35.398Z"}
verbose: > AuthRequestHandler.hasRolle(): args = <RequestResponse> {"timestamp":"2018-10-28T18:40:35.398Z"}
debug: Rollen = ["admin","mitarbeiter"] {"timestamp":"2018-10-28T18:40:35.398Z"}
verbose: > AuthService.isLoggedIn(): args = <RequestResponse> {"timestamp":"2018-10-28T18:40:35.398Z"}
verbose: < AuthService.isLoggedIn(): result = true {"timestamp":"2018-10-28T18:40:35.399Z"}
verbose: > AuthService.hasAnyRole(): args = <RequestResponse> {"timestamp":"2018-10-28T18:40:35.399Z"}
verbose: > UsersService.findById(): args = ["20000000-0000-0000-0000-000000000001"] {"timestamp":"2018-10-28T18:40:35.399Z"}
verbose: < UsersService.findById(): result = {"_id":"20000000-0000-0000-0000-000000000001","username":"admin","password":"$2b$12$jC0vLwqFtvikW9hrKL4RZ.ZMeaW5r/jYrNkm.ub23bMWL/mE2O20O","email":"admin@hska.de","roles":["admin","mitarbeiter","abteilungsleiter","kunde"]} {"timestamp":"2018-10-28T18:40:35.399Z"}
verbose: > RolesService.getNormalizedRoles(): args = [["admin","mitarbeiter"]] {"timestamp":"2018-10-28T18:40:35.399Z"}
verbose: > RolesService.getNormalizedRole(): args = ["admin"] {"timestamp":"2018-10-28T18:40:35.399Z"}
verbose: > RolesService.findAllRoles() {"timestamp":"2018-10-28T18:40:35.399Z"}
verbose: < RolesService.findAllRoles(): result = ["admin","mitarbeiter","abteilungsleiter","kunde"] {"timestamp":"2018-10-28T18:40:35.399Z"}
verbose: < RolesService.getNormalizedRole(): result = "admin" {"timestamp":"2018-10-28T18:40:35.399Z"}
verbose: > RolesService.getNormalizedRole(): args = ["mitarbeiter"] {"timestamp":"2018-10-28T18:40:35.399Z"}
verbose: > RolesService.findAllRoles() {"timestamp":"2018-10-28T18:40:35.399Z"}
verbose: < RolesService.findAllRoles(): result = ["admin","mitarbeiter","abteilungsleiter","kunde"] {"timestamp":"2018-10-28T18:40:35.399Z"}
verbose: < RolesService.getNormalizedRole(): result = "mitarbeiter" {"timestamp":"2018-10-28T18:40:35.400Z"}
verbose: < RolesService.getNormalizedRoles(): result = ["admin","mitarbeiter"] {"timestamp":"2018-10-28T18:40:35.400Z"}
verbose: > AuthService.userHasAnyRole(): args = [{"_id":"20000000-0000-0000-0000-000000000001","username":"admin","password":"$2b$12$jC0vLwqFtvikW9hrKL4RZ.ZMeaW5r/jYrNkm.ub23bMWL/mE2O20O","email":"admin@hska.de","roles":["admin","mitarbeiter","abteilungsleiter","kunde"]},["admin","mitarbeiter"]] {"timestamp":"2018-10-28T18:40:35.400Z"}
verbose: < AuthService.userHasAnyRole(): result = true {"timestamp":"2018-10-28T18:40:35.400Z"}
verbose: < AuthService.hasAnyRole(): result = true {"timestamp":"2018-10-28T18:40:35.400Z"}
verbose: < AuthRequestHandler.hasRolle(): result = true {"timestamp":"2018-10-28T18:40:35.400Z"}
verbose: < AuthRequestHandler.isAdminMitarbeiter(): result = void || undefined {"timestamp":"2018-10-28T18:40:35.400Z"}
verbose: < AuthRequestHandler.validateJwt(): result = void || undefined {"timestamp":"2018-10-28T18:40:35.400Z"}
verbose: < SharedRequestHandler.validateContentType(): result = void || undefined {"timestamp":"2018-10-28T18:40:35.401Z"}
verbose: < SharedRequestHandler.logRequestHeader(): result = void || undefined {"timestamp":"2018-10-28T18:40:35.401Z"}
debug: > ArticlehRequestHandler.create(): args = <RequestResponse> {"timestamp":"2018-10-28T18:40:35.402Z"}
debug: ArticleRequestHandler.create post body: {"ean":111111,"description":"Put Test","price":1,"availability":true,"manufacturer":"TestGmBh"} {"timestamp":"2018-10-28T18:40:35.405Z"}
debug: > ArticleService.create(): args = [{"ean":111111,"description":"Put Test","price":1,"availability":true,"manufacturer":"TestGmBh"}] {"timestamp":"2018-10-28T18:40:35.406Z"}
debug: < ArticleService.create(): result = {} {"timestamp":"2018-10-28T18:40:35.406Z"}
debug: < ArticlehRequestHandler.create(): result = {} {"timestamp":"2018-10-28T18:40:35.406Z"}
debug: Der Artikel ist abgespeichert: {"ean":111111,"description":"Put Test","price":1,"availability":true,"manufacturer":"TestGmBh","_id":"a2cd08c0-77fd-4db8-814a-ac92694d9fae","__v":0} {"timestamp":"2018-10-28T18:40:35.431Z"}
debug: ArticleRequestHandler.create: location = http://127.0.0.1:8443/articles/a2cd08c0-77fd-4db8-814a-ac92694d9fae {"timestamp":"2018-10-28T18:40:35.431Z"}
debug: Response time: 38.376134 ms {"timestamp":"2018-10-28T18:40:35.432Z"}
verbose: > SharedRequestHandler.logRequestHeader(): args = <RequestResponse> {"timestamp":"2018-10-28T18:40:35.440Z"}
debug: Request: headers={
  "host": "127.0.0.1:53299",
  "accept-encoding": "gzip, deflate",
  "user-agent": "node-superagent/3.8.3",
  "authorization": "Bearer eyJhbGciOiJSUzI1NiJ9.eyJpYXQiOjE1NDA3NTIwMzUsImlzcyI6Imh0dHBzOi8vaHNrYS5kZS9zaG9wL0p1ZXJnZW5aaW1tZXJtYW5uIiwic3ViIjoiMjAwMDAwMDAtMDAwMC0wMDAwLTAwMDAtMDAwMDAwMDAwMDAxIiwianRpIjoiYmY0NmQ2ZGQtYzA5MS00YjBmLTkwZGItYjc4ZTJmMDA5MDQyIiwiZXhwIjoxNTQwODM4NDM1fQ.r_cLZ57WRM3AT9USxUpJ-5BUIl3KsT-1URVM1wHab1PI_4cXoJM2TbjFh0s8nZ5sv0KPeSu5YhU76r_kdsC2r3W-ScfABXXFYe_KMSqFbLG7PAeJNoSHACWJrguEQwEmEQLZrpK86aHtKT-lISA24myBLIjLrKdFbZrG-JarSDogwf7SSFuwXRkoU9sRw1R6DxZgzckH5xFM5u6JyY27sBMqUKMWsnNTigbryhROTofV8qlIW2fdNnDl3kcPHdOlSvgvJvGx2iqdfqx_OaI59foEbhM1O-J5tEWGCPTdQIz-OSobiOSynDmcSTnB_T1wX6TGP3B1efkE8KD5k5I7tg",
  "content-type": "application/json",
  "content-length": "97",
  "connection": "close"
} {"timestamp":"2018-10-28T18:40:35.440Z"}
debug: Request: protocol="http" {"timestamp":"2018-10-28T18:40:35.440Z"}
debug: Request: hostname="127.0.0.1" {"timestamp":"2018-10-28T18:40:35.441Z"}
verbose: > SharedRequestHandler.validateContentType(): args = <RequestResponse> {"timestamp":"2018-10-28T18:40:35.442Z"}
verbose: > AuthRequestHandler.validateJwt(): args = <RequestResponse> {"timestamp":"2018-10-28T18:40:35.442Z"}
verbose: > AuthService.validateJwt(): args = <RequestResponse> {"timestamp":"2018-10-28T18:40:35.442Z"}
verbose: > UsersService.findById(): args = ["20000000-0000-0000-0000-000000000001"] {"timestamp":"2018-10-28T18:40:35.442Z"}
verbose: < UsersService.findById(): result = {"_id":"20000000-0000-0000-0000-000000000001","username":"admin","password":"$2b$12$jC0vLwqFtvikW9hrKL4RZ.ZMeaW5r/jYrNkm.ub23bMWL/mE2O20O","email":"admin@hska.de","roles":["admin","mitarbeiter","abteilungsleiter","kunde"]} {"timestamp":"2018-10-28T18:40:35.443Z"}
verbose: < AuthService.validateJwt(): result = void || undefined {"timestamp":"2018-10-28T18:40:35.443Z"}
verbose: > AuthRequestHandler.isAdminMitarbeiter(): args = <RequestResponse> {"timestamp":"2018-10-28T18:40:35.443Z"}
verbose: > AuthRequestHandler.hasRolle(): args = <RequestResponse> {"timestamp":"2018-10-28T18:40:35.443Z"}
debug: Rollen = ["admin","mitarbeiter"] {"timestamp":"2018-10-28T18:40:35.443Z"}
verbose: > AuthService.isLoggedIn(): args = <RequestResponse> {"timestamp":"2018-10-28T18:40:35.443Z"}
verbose: < AuthService.isLoggedIn(): result = true {"timestamp":"2018-10-28T18:40:35.443Z"}
verbose: > AuthService.hasAnyRole(): args = <RequestResponse> {"timestamp":"2018-10-28T18:40:35.443Z"}
verbose: > UsersService.findById(): args = ["20000000-0000-0000-0000-000000000001"] {"timestamp":"2018-10-28T18:40:35.443Z"}
verbose: < UsersService.findById(): result = {"_id":"20000000-0000-0000-0000-000000000001","username":"admin","password":"$2b$12$jC0vLwqFtvikW9hrKL4RZ.ZMeaW5r/jYrNkm.ub23bMWL/mE2O20O","email":"admin@hska.de","roles":["admin","mitarbeiter","abteilungsleiter","kunde"]} {"timestamp":"2018-10-28T18:40:35.443Z"}
verbose: > RolesService.getNormalizedRoles(): args = [["admin","mitarbeiter"]] {"timestamp":"2018-10-28T18:40:35.443Z"}
verbose: > RolesService.getNormalizedRole(): args = ["admin"] {"timestamp":"2018-10-28T18:40:35.443Z"}
verbose: > RolesService.findAllRoles() {"timestamp":"2018-10-28T18:40:35.443Z"}
verbose: < RolesService.findAllRoles(): result = ["admin","mitarbeiter","abteilungsleiter","kunde"] {"timestamp":"2018-10-28T18:40:35.443Z"}
verbose: < RolesService.getNormalizedRole(): result = "admin" {"timestamp":"2018-10-28T18:40:35.443Z"}
verbose: > RolesService.getNormalizedRole(): args = ["mitarbeiter"] {"timestamp":"2018-10-28T18:40:35.443Z"}
verbose: > RolesService.findAllRoles() {"timestamp":"2018-10-28T18:40:35.444Z"}
verbose: < RolesService.findAllRoles(): result = ["admin","mitarbeiter","abteilungsleiter","kunde"] {"timestamp":"2018-10-28T18:40:35.444Z"}
verbose: < RolesService.getNormalizedRole(): result = "mitarbeiter" {"timestamp":"2018-10-28T18:40:35.444Z"}
verbose: < RolesService.getNormalizedRoles(): result = ["admin","mitarbeiter"] {"timestamp":"2018-10-28T18:40:35.444Z"}
verbose: > AuthService.userHasAnyRole(): args = [{"_id":"20000000-0000-0000-0000-000000000001","username":"admin","password":"$2b$12$jC0vLwqFtvikW9hrKL4RZ.ZMeaW5r/jYrNkm.ub23bMWL/mE2O20O","email":"admin@hska.de","roles":["admin","mitarbeiter","abteilungsleiter","kunde"]},["admin","mitarbeiter"]] {"timestamp":"2018-10-28T18:40:35.444Z"}
verbose: < AuthService.userHasAnyRole(): result = true {"timestamp":"2018-10-28T18:40:35.444Z"}
verbose: < AuthService.hasAnyRole(): result = true {"timestamp":"2018-10-28T18:40:35.444Z"}
verbose: < AuthRequestHandler.hasRolle(): result = true {"timestamp":"2018-10-28T18:40:35.444Z"}
verbose: < AuthRequestHandler.isAdminMitarbeiter(): result = void || undefined {"timestamp":"2018-10-28T18:40:35.444Z"}
verbose: < AuthRequestHandler.validateJwt(): result = void || undefined {"timestamp":"2018-10-28T18:40:35.444Z"}
verbose: < SharedRequestHandler.validateContentType(): result = void || undefined {"timestamp":"2018-10-28T18:40:35.444Z"}
verbose: < SharedRequestHandler.logRequestHeader(): result = void || undefined {"timestamp":"2018-10-28T18:40:35.444Z"}
debug: > ArticlehRequestHandler.create(): args = <RequestResponse> {"timestamp":"2018-10-28T18:40:35.445Z"}
debug: ArticleRequestHandler.create post body: {"description":"Put Test","price":2,"availability":true,"manufacturer":"TestGmBh"} {"timestamp":"2018-10-28T18:40:35.448Z"}
debug: > ArticleService.create(): args = [{"description":"Put Test","price":2,"availability":true,"manufacturer":"TestGmBh"}] {"timestamp":"2018-10-28T18:40:35.448Z"}
debug: Validation Message: {"ean":"Der Artikel muss eine EAN haben."} {"timestamp":"2018-10-28T18:40:35.448Z"}
debug: ValidationError.constructor(): {"ean":"Der Artikel muss eine EAN haben."} {"timestamp":"2018-10-28T18:40:35.448Z"}
debug: < ArticleService.create(): result = {} {"timestamp":"2018-10-28T18:40:35.449Z"}
debug: < ArticlehRequestHandler.create(): result = {} {"timestamp":"2018-10-28T18:40:35.449Z"}
debug: Response time: 10.228689 ms {"timestamp":"2018-10-28T18:40:35.450Z"}
verbose: > SharedRequestHandler.logRequestHeader(): args = <RequestResponse> {"timestamp":"2018-10-28T18:40:35.460Z"}
debug: Request: headers={
  "host": "127.0.0.1:53299",
  "accept-encoding": "gzip, deflate",
  "user-agent": "node-superagent/3.8.3",
  "content-type": "application/x-www-form-urlencoded",
  "content-length": "25",
  "connection": "close"
} {"timestamp":"2018-10-28T18:40:35.460Z"}
debug: Request: protocol="http" {"timestamp":"2018-10-28T18:40:35.460Z"}
debug: Request: hostname="127.0.0.1" {"timestamp":"2018-10-28T18:40:35.460Z"}
verbose: < SharedRequestHandler.logRequestHeader(): result = void || undefined {"timestamp":"2018-10-28T18:40:35.464Z"}
verbose: > AuthRequestHandler.login(): args = <RequestResponse> {"timestamp":"2018-10-28T18:40:35.464Z"}
verbose: > AuthService.login(): args = <RequestResponse> {"timestamp":"2018-10-28T18:40:35.465Z"}
verbose: > UsersService.findByUsername(): args = ["admin"] {"timestamp":"2018-10-28T18:40:35.465Z"}
verbose: < UsersService.findByUsername(): result = {"_id":"20000000-0000-0000-0000-000000000001","username":"admin","password":"$2b$12$jC0vLwqFtvikW9hrKL4RZ.ZMeaW5r/jYrNkm.ub23bMWL/mE2O20O","email":"admin@hska.de","roles":["admin","mitarbeiter","abteilungsleiter","kunde"]} {"timestamp":"2018-10-28T18:40:35.465Z"}
verbose: > AuthService.checkPassword(): args = [{"_id":"20000000-0000-0000-0000-000000000001","username":"admin","password":"$2b$12$jC0vLwqFtvikW9hrKL4RZ.ZMeaW5r/jYrNkm.ub23bMWL/mE2O20O","email":"admin@hska.de","roles":["admin","mitarbeiter","abteilungsleiter","kunde"]},"p"] {"timestamp":"2018-10-28T18:40:35.465Z"}
verbose: < AuthService.checkPassword(): result = {} {"timestamp":"2018-10-28T18:40:35.465Z"}
verbose: < AuthService.login(): result = {} {"timestamp":"2018-10-28T18:40:35.465Z"}
verbose: < AuthRequestHandler.login(): result = {} {"timestamp":"2018-10-28T18:40:35.465Z"}
debug: Response time: 331.147297 ms {"timestamp":"2018-10-28T18:40:35.791Z"}
verbose: > SharedRequestHandler.logRequestHeader(): args = <RequestResponse> {"timestamp":"2018-10-28T18:40:35.796Z"}
debug: Request: headers={
  "host": "127.0.0.1:53299",
  "accept-encoding": "gzip, deflate",
  "user-agent": "node-superagent/3.8.3",
  "authorization": "Bearer eyJhbGciOiJSUzI1NiJ9.eyJpYXQiOjE1NDA3NTIwMzUsImlzcyI6Imh0dHBzOi8vaHNrYS5kZS9zaG9wL0p1ZXJnZW5aaW1tZXJtYW5uIiwic3ViIjoiMjAwMDAwMDAtMDAwMC0wMDAwLTAwMDAtMDAwMDAwMDAwMDAxIiwianRpIjoiNGZkMDkyZjAtMWEyNC00MjhhLTk2MTYtOGVhNGJmNmQ0Y2RkIiwiZXhwIjoxNTQwODM4NDM1fQ.CVasw80keCKdpe5szqlny4OEVrncIrfNr82p8ytJe91VOtLzv-ih5QygmJ1uDzje6Jn1PoKhHQw0rD4i-3DxJR0JU-JLYPwpWjhH0tCf7muqpKX7BQlbq49xWy6MBVi6ehw59xCoyImcyTbQB6G5rK82q4Jhx4gZA6tmMWhmeMasxt6cnqvpi4gboUESPKqcKYluUviLvIgann5dHYp2R6m4dQ9IxyHmXYDidRnUk5tDK3_r7OFaNAvDdq2FxUfadQ_UAcOjLjjLcmdwFv6wqzn6bsSLv_Z-okJtdkL84UWLrcCZNuLWvSM7GnFSwHI_tnhX3peCj0Rg-pPg6Pqh9Q",
  "connection": "close"
} {"timestamp":"2018-10-28T18:40:35.796Z"}
debug: Request: protocol="http" {"timestamp":"2018-10-28T18:40:35.796Z"}
debug: Request: hostname="127.0.0.1" {"timestamp":"2018-10-28T18:40:35.796Z"}
verbose: > SharedRequestHandler.validateUUID(): args = <RequestResponse> {"timestamp":"2018-10-28T18:40:35.797Z"}
debug: > ArticlehRequestHandler.delete(): args = <RequestResponse> {"timestamp":"2018-10-28T18:40:35.797Z"}
debug: ArticleRequestHandler.delete id = 1919bbaf-b598-4f7b-b975-0b801be4c1a2 {"timestamp":"2018-10-28T18:40:35.798Z"}
debug: > ArticleService.remove(): args = ["1919bbaf-b598-4f7b-b975-0b801be4c1a2"] {"timestamp":"2018-10-28T18:40:35.798Z"}
debug: < ArticleService.remove(): result = {} {"timestamp":"2018-10-28T18:40:35.798Z"}
debug: < ArticlehRequestHandler.delete(): result = {} {"timestamp":"2018-10-28T18:40:35.798Z"}
verbose: < SharedRequestHandler.validateUUID(): result = void || undefined {"timestamp":"2018-10-28T18:40:35.798Z"}
verbose: < SharedRequestHandler.logRequestHeader(): result = void || undefined {"timestamp":"2018-10-28T18:40:35.798Z"}
debug: Response time: 6.195124 ms {"timestamp":"2018-10-28T18:40:35.802Z"}
debug: Geloescht: {"_id":"1919bbaf-b598-4f7b-b975-0b801be4c1a2","ean":911631,"description":"Ut Lorem nisi esse voluptate nulla dolor qui laboris fugiat.","price":1995.34,"availability":true,"manufacturer":"aute"} {"timestamp":"2018-10-28T18:40:35.805Z"}
info: Logging durch Winston ist konfiguriert {"timestamp":"2018-10-28T19:15:32.587Z"}
info: Die Benutzerkennungen sind eingelesen: [{"_id":"20000000-0000-0000-0000-000000000001","username":"admin","password":"$2b$12$jC0vLwqFtvikW9hrKL4RZ.ZMeaW5r/jYrNkm.ub23bMWL/mE2O20O","email":"admin@hska.de","roles":["admin","mitarbeiter","abteilungsleiter","kunde"]},{"_id":"20000000-0000-0000-0000-000000000002","username":"adriana.alpha","password":"$2b$12$jC0vLwqFtvikW9hrKL4RZ.ZMeaW5r/jYrNkm.ub23bMWL/mE2O20O","email":"adriana.alpha@hska.de","roles":["admin","mitarbeiter","kunde"]},{"_id":"20000000-0000-0000-0000-000000000003","username":"alfred.alpha","password":"$2b$12$jC0vLwqFtvikW9hrKL4RZ.ZMeaW5r/jYrNkm.ub23bMWL/mE2O20O","email":"alfred.alpha@hska.de","roles":["mitarbeiter","kunde"]},{"_id":"20000000-0000-0000-0000-000000000004","username":"anton.alpha","password":"$2b$12$jC0vLwqFtvikW9hrKL4RZ.ZMeaW5r/jYrNkm.ub23bMWL/mE2O20O","email":"anton.alpha@hska.de","roles":["mitarbeiter","kunde"]},{"_id":"20000000-0000-0000-0000-000000000005","username":"dirk.delta","password":"$2b$12$jC0vLwqFtvikW9hrKL4RZ.ZMeaW5r/jYrNkm.ub23bMWL/mE2O20O","email":"dirk.delta@hska.de","roles":["kunde"]},{"_id":"20000000-0000-0000-0000-000000000006","username":"emil.epsilon","password":"$2b$12$jC0vLwqFtvikW9hrKL4RZ.ZMeaW5r/jYrNkm.ub23bMWL/mE2O20O","email":"emil.epsilon@hska.de"}] {"timestamp":"2018-10-28T19:15:32.905Z"}
info: DB-Verbindung zu hska ist aufgebaut {"timestamp":"2018-10-28T19:15:35.661Z"}
info: https://localhost:8443 ist gestartet: Herunterfahren durch <Strg> C {"timestamp":"2018-10-28T19:15:35.704Z"}
info: Logging durch Winston ist konfiguriert {"timestamp":"2018-10-28T19:15:52.072Z"}
info: Die Benutzerkennungen sind eingelesen: [{"_id":"20000000-0000-0000-0000-000000000001","username":"admin","password":"$2b$12$jC0vLwqFtvikW9hrKL4RZ.ZMeaW5r/jYrNkm.ub23bMWL/mE2O20O","email":"admin@hska.de","roles":["admin","mitarbeiter","abteilungsleiter","kunde"]},{"_id":"20000000-0000-0000-0000-000000000002","username":"adriana.alpha","password":"$2b$12$jC0vLwqFtvikW9hrKL4RZ.ZMeaW5r/jYrNkm.ub23bMWL/mE2O20O","email":"adriana.alpha@hska.de","roles":["admin","mitarbeiter","kunde"]},{"_id":"20000000-0000-0000-0000-000000000003","username":"alfred.alpha","password":"$2b$12$jC0vLwqFtvikW9hrKL4RZ.ZMeaW5r/jYrNkm.ub23bMWL/mE2O20O","email":"alfred.alpha@hska.de","roles":["mitarbeiter","kunde"]},{"_id":"20000000-0000-0000-0000-000000000004","username":"anton.alpha","password":"$2b$12$jC0vLwqFtvikW9hrKL4RZ.ZMeaW5r/jYrNkm.ub23bMWL/mE2O20O","email":"anton.alpha@hska.de","roles":["mitarbeiter","kunde"]},{"_id":"20000000-0000-0000-0000-000000000005","username":"dirk.delta","password":"$2b$12$jC0vLwqFtvikW9hrKL4RZ.ZMeaW5r/jYrNkm.ub23bMWL/mE2O20O","email":"dirk.delta@hska.de","roles":["kunde"]},{"_id":"20000000-0000-0000-0000-000000000006","username":"emil.epsilon","password":"$2b$12$jC0vLwqFtvikW9hrKL4RZ.ZMeaW5r/jYrNkm.ub23bMWL/mE2O20O","email":"emil.epsilon@hska.de"}] {"timestamp":"2018-10-28T19:15:52.355Z"}
info: DB-Verbindung zu hska ist aufgebaut {"timestamp":"2018-10-28T19:15:53.580Z"}
info: https://localhost:8443 ist gestartet: Herunterfahren durch <Strg> C {"timestamp":"2018-10-28T19:15:53.611Z"}
verbose: > SharedRequestHandler.logRequestHeader(): args = <RequestResponse> {"timestamp":"2018-10-28T19:16:16.763Z"}
debug: Request: headers={
  "content-type": "application/json",
  "authorization": "Bearer {{login.response.body.$.token}}",
  "user-agent": "vscode-restclient",
  "host": "127.0.0.1:8443",
  "content-length": "139",
  "connection": "keep-alive"
} {"timestamp":"2018-10-28T19:16:16.763Z"}
debug: Request: protocol="https" {"timestamp":"2018-10-28T19:16:16.764Z"}
debug: Request: hostname="127.0.0.1" {"timestamp":"2018-10-28T19:16:16.764Z"}
verbose: < SharedRequestHandler.logRequestHeader(): result = void || undefined {"timestamp":"2018-10-28T19:16:16.780Z"}
verbose: > SharedRequestHandler.validateContentType(): args = <RequestResponse> {"timestamp":"2018-10-28T19:16:16.781Z"}
verbose: > AuthRequestHandler.validateJwt(): args = <RequestResponse> {"timestamp":"2018-10-28T19:16:16.781Z"}
verbose: > AuthService.validateJwt(): args = <RequestResponse> {"timestamp":"2018-10-28T19:16:16.782Z"}
debug: 401: TokenInvalidError, Decodieren des Token-Strings liefert kein Token-Objekt {"timestamp":"2018-10-28T19:16:16.782Z"}
debug: Response time: 21.567010999999997 ms {"timestamp":"2018-10-28T19:16:16.784Z"}
verbose: < AuthRequestHandler.validateJwt(): result = void || undefined {"timestamp":"2018-10-28T19:16:16.786Z"}
verbose: < SharedRequestHandler.validateContentType(): result = void || undefined {"timestamp":"2018-10-28T19:16:16.786Z"}
verbose: > SharedRequestHandler.logRequestHeader(): args = <RequestResponse> {"timestamp":"2018-10-28T19:16:35.869Z"}
debug: Request: headers={
  "content-type": "application/x-www-form-urlencoded",
  "user-agent": "vscode-restclient",
  "host": "127.0.0.1:8443",
  "content-length": "25",
  "connection": "keep-alive"
} {"timestamp":"2018-10-28T19:16:35.869Z"}
debug: Request: protocol="https" {"timestamp":"2018-10-28T19:16:35.870Z"}
debug: Request: hostname="127.0.0.1" {"timestamp":"2018-10-28T19:16:35.870Z"}
verbose: < SharedRequestHandler.logRequestHeader(): result = void || undefined {"timestamp":"2018-10-28T19:16:35.883Z"}
verbose: > AuthRequestHandler.login(): args = <RequestResponse> {"timestamp":"2018-10-28T19:16:36.172Z"}
verbose: > AuthService.login(): args = <RequestResponse> {"timestamp":"2018-10-28T19:16:36.172Z"}
verbose: > UsersService.findByUsername(): args = ["admin"] {"timestamp":"2018-10-28T19:16:36.173Z"}
verbose: < UsersService.findByUsername(): result = {"_id":"20000000-0000-0000-0000-000000000001","username":"admin","password":"$2b$12$jC0vLwqFtvikW9hrKL4RZ.ZMeaW5r/jYrNkm.ub23bMWL/mE2O20O","email":"admin@hska.de","roles":["admin","mitarbeiter","abteilungsleiter","kunde"]} {"timestamp":"2018-10-28T19:16:36.173Z"}
verbose: > AuthService.checkPassword(): args = [{"_id":"20000000-0000-0000-0000-000000000001","username":"admin","password":"$2b$12$jC0vLwqFtvikW9hrKL4RZ.ZMeaW5r/jYrNkm.ub23bMWL/mE2O20O","email":"admin@hska.de","roles":["admin","mitarbeiter","abteilungsleiter","kunde"]},"p"] {"timestamp":"2018-10-28T19:16:36.173Z"}
verbose: < AuthService.checkPassword(): result = {} {"timestamp":"2018-10-28T19:16:36.179Z"}
verbose: < AuthService.login(): result = {} {"timestamp":"2018-10-28T19:16:36.180Z"}
verbose: < AuthRequestHandler.login(): result = {} {"timestamp":"2018-10-28T19:16:36.180Z"}
verbose: > SharedRequestHandler.logRequestHeader(): args = <RequestResponse> {"timestamp":"2018-10-28T19:16:36.185Z"}
debug: Request: headers={
  "content-type": "application/x-www-form-urlencoded",
  "user-agent": "vscode-restclient",
  "host": "127.0.0.1:8443",
  "content-length": "25",
  "connection": "keep-alive"
} {"timestamp":"2018-10-28T19:16:36.186Z"}
debug: Request: protocol="https" {"timestamp":"2018-10-28T19:16:36.186Z"}
debug: Request: hostname="127.0.0.1" {"timestamp":"2018-10-28T19:16:36.186Z"}
verbose: < SharedRequestHandler.logRequestHeader(): result = void || undefined {"timestamp":"2018-10-28T19:16:36.207Z"}
verbose: > AuthRequestHandler.login(): args = <RequestResponse> {"timestamp":"2018-10-28T19:16:36.208Z"}
verbose: > AuthService.login(): args = <RequestResponse> {"timestamp":"2018-10-28T19:16:36.208Z"}
verbose: > UsersService.findByUsername(): args = ["admin"] {"timestamp":"2018-10-28T19:16:36.209Z"}
verbose: < UsersService.findByUsername(): result = {"_id":"20000000-0000-0000-0000-000000000001","username":"admin","password":"$2b$12$jC0vLwqFtvikW9hrKL4RZ.ZMeaW5r/jYrNkm.ub23bMWL/mE2O20O","email":"admin@hska.de","roles":["admin","mitarbeiter","abteilungsleiter","kunde"]} {"timestamp":"2018-10-28T19:16:36.209Z"}
verbose: > AuthService.checkPassword(): args = [{"_id":"20000000-0000-0000-0000-000000000001","username":"admin","password":"$2b$12$jC0vLwqFtvikW9hrKL4RZ.ZMeaW5r/jYrNkm.ub23bMWL/mE2O20O","email":"admin@hska.de","roles":["admin","mitarbeiter","abteilungsleiter","kunde"]},"p"] {"timestamp":"2018-10-28T19:16:36.209Z"}
verbose: < AuthService.checkPassword(): result = {} {"timestamp":"2018-10-28T19:16:36.209Z"}
verbose: < AuthService.login(): result = {} {"timestamp":"2018-10-28T19:16:36.209Z"}
verbose: < AuthRequestHandler.login(): result = {} {"timestamp":"2018-10-28T19:16:36.209Z"}
debug: Response time: 640.109302 ms {"timestamp":"2018-10-28T19:16:36.509Z"}
debug: Response time: 330.615006 ms {"timestamp":"2018-10-28T19:16:36.516Z"}
verbose: > SharedRequestHandler.logRequestHeader(): args = <RequestResponse> {"timestamp":"2018-10-28T19:16:43.550Z"}
debug: Request: headers={
  "content-type": "application/x-www-form-urlencoded",
  "user-agent": "vscode-restclient",
  "host": "127.0.0.1:8443",
  "content-length": "25",
  "connection": "keep-alive"
} {"timestamp":"2018-10-28T19:16:43.550Z"}
debug: Request: protocol="https" {"timestamp":"2018-10-28T19:16:43.550Z"}
debug: Request: hostname="127.0.0.1" {"timestamp":"2018-10-28T19:16:43.551Z"}
verbose: < SharedRequestHandler.logRequestHeader(): result = void || undefined {"timestamp":"2018-10-28T19:16:43.568Z"}
verbose: > AuthRequestHandler.login(): args = <RequestResponse> {"timestamp":"2018-10-28T19:16:43.568Z"}
verbose: > AuthService.login(): args = <RequestResponse> {"timestamp":"2018-10-28T19:16:43.569Z"}
verbose: > UsersService.findByUsername(): args = ["admin"] {"timestamp":"2018-10-28T19:16:43.569Z"}
verbose: < UsersService.findByUsername(): result = {"_id":"20000000-0000-0000-0000-000000000001","username":"admin","password":"$2b$12$jC0vLwqFtvikW9hrKL4RZ.ZMeaW5r/jYrNkm.ub23bMWL/mE2O20O","email":"admin@hska.de","roles":["admin","mitarbeiter","abteilungsleiter","kunde"]} {"timestamp":"2018-10-28T19:16:43.569Z"}
verbose: > AuthService.checkPassword(): args = [{"_id":"20000000-0000-0000-0000-000000000001","username":"admin","password":"$2b$12$jC0vLwqFtvikW9hrKL4RZ.ZMeaW5r/jYrNkm.ub23bMWL/mE2O20O","email":"admin@hska.de","roles":["admin","mitarbeiter","abteilungsleiter","kunde"]},"p"] {"timestamp":"2018-10-28T19:16:43.569Z"}
verbose: < AuthService.checkPassword(): result = {} {"timestamp":"2018-10-28T19:16:43.569Z"}
verbose: < AuthService.login(): result = {} {"timestamp":"2018-10-28T19:16:43.569Z"}
verbose: < AuthRequestHandler.login(): result = {} {"timestamp":"2018-10-28T19:16:43.569Z"}
debug: Response time: 406.675167 ms {"timestamp":"2018-10-28T19:16:43.957Z"}
verbose: > SharedRequestHandler.logRequestHeader(): args = <RequestResponse> {"timestamp":"2018-10-28T19:17:13.238Z"}
debug: Request: headers={
  "content-type": "application/x-www-form-urlencoded",
  "user-agent": "vscode-restclient",
  "host": "127.0.0.1:8443",
  "content-length": "25",
  "connection": "keep-alive"
} {"timestamp":"2018-10-28T19:17:13.238Z"}
debug: Request: protocol="https" {"timestamp":"2018-10-28T19:17:13.238Z"}
debug: Request: hostname="127.0.0.1" {"timestamp":"2018-10-28T19:17:13.238Z"}
verbose: < SharedRequestHandler.logRequestHeader(): result = void || undefined {"timestamp":"2018-10-28T19:17:13.241Z"}
verbose: > AuthRequestHandler.login(): args = <RequestResponse> {"timestamp":"2018-10-28T19:17:13.242Z"}
verbose: > AuthService.login(): args = <RequestResponse> {"timestamp":"2018-10-28T19:17:13.242Z"}
verbose: > UsersService.findByUsername(): args = ["admin"] {"timestamp":"2018-10-28T19:17:13.242Z"}
verbose: < UsersService.findByUsername(): result = {"_id":"20000000-0000-0000-0000-000000000001","username":"admin","password":"$2b$12$jC0vLwqFtvikW9hrKL4RZ.ZMeaW5r/jYrNkm.ub23bMWL/mE2O20O","email":"admin@hska.de","roles":["admin","mitarbeiter","abteilungsleiter","kunde"]} {"timestamp":"2018-10-28T19:17:13.242Z"}
verbose: > AuthService.checkPassword(): args = [{"_id":"20000000-0000-0000-0000-000000000001","username":"admin","password":"$2b$12$jC0vLwqFtvikW9hrKL4RZ.ZMeaW5r/jYrNkm.ub23bMWL/mE2O20O","email":"admin@hska.de","roles":["admin","mitarbeiter","abteilungsleiter","kunde"]},"p"] {"timestamp":"2018-10-28T19:17:13.242Z"}
verbose: < AuthService.checkPassword(): result = {} {"timestamp":"2018-10-28T19:17:13.243Z"}
verbose: < AuthService.login(): result = {} {"timestamp":"2018-10-28T19:17:13.243Z"}
verbose: < AuthRequestHandler.login(): result = {} {"timestamp":"2018-10-28T19:17:13.243Z"}
debug: Response time: 335.238478 ms {"timestamp":"2018-10-28T19:17:13.573Z"}
verbose: > SharedRequestHandler.logRequestHeader(): args = <RequestResponse> {"timestamp":"2018-10-28T19:17:17.073Z"}
debug: Request: headers={
  "user-agent": "vscode-restclient",
  "host": "127.0.0.1:8443",
  "connection": "keep-alive"
} {"timestamp":"2018-10-28T19:17:17.073Z"}
debug: Request: protocol="https" {"timestamp":"2018-10-28T19:17:17.073Z"}
debug: Request: hostname="127.0.0.1" {"timestamp":"2018-10-28T19:17:17.073Z"}
verbose: < SharedRequestHandler.logRequestHeader(): result = void || undefined {"timestamp":"2018-10-28T19:17:17.076Z"}
debug: > ArticlehRequestHandler.find(): args = <RequestResponse> {"timestamp":"2018-10-28T19:17:17.077Z"}
debug: ArticleRequestHandler.find queryParams = {} {"timestamp":"2018-10-28T19:17:17.077Z"}
debug: > ArticleService.find(): args = [{}] {"timestamp":"2018-10-28T19:17:17.077Z"}
debug: < ArticleService.find(): result = {} {"timestamp":"2018-10-28T19:17:17.081Z"}
debug: < ArticlehRequestHandler.find(): result = {} {"timestamp":"2018-10-28T19:17:17.081Z"}
debug: ArticleRequestHandler.find: article = [{"_id":"f3d1e940-66ac-44e0-bb85-fae2a980141f","ean":161180,"description":"Commodo do occaecat enim dolor ex officia cillum laboris duis enim dolore mollit.","price":3954.98,"availability":true,"manufacturer":"aliqua"},{"_id":"1919bbaf-b598-4f7b-b975-0b801be4c1a2","ean":911631,"description":"Ut Lorem nisi esse voluptate nulla dolor qui laboris fugiat.","price":1995.34,"availability":true,"manufacturer":"aute"},{"_id":"7637ca05-0cd5-48a4-a03e-3ada51cee420","ean":409010,"description":"Dolore velit sit do velit ut non eiusmod.","price":2979.59,"availability":true,"manufacturer":"dolore"},{"_id":"2a40aa5d-24b9-4f94-b077-e7140c00cf25","ean":356669,"description":"Elit velit magna labore qui magna amet ex occaecat ut qui.","price":1080.34,"availability":false,"manufacturer":"ea"},{"_id":"0ca33d98-483f-4168-b9c0-86b11ebd3cc6","ean":781641,"description":"Voluptate velit anim ad do quis proident mollit cupidatat magna labore in consequat est ullamco.","price":2810.58,"availability":false,"manufacturer":"esse"},{"_id":"0ceaa16c-a9f4-4b57-b0b4-3b93de2b7684","ean":733096,"description":"Voluptate sint enim est tempor officia pariatur do aute sunt minim veniam amet proident.","price":3824.01,"availability":true,"manufacturer":"est"},{"_id":"3b953e19-4264-49d2-a98d-ed1b2b36d37f","ean":737771,"description":"Consectetur nostrud quis in ut cillum enim minim aliquip culpa aliqua commodo reprehenderit esse ea.","price":2621.49,"availability":true,"manufacturer":"minim"}] {"timestamp":"2018-10-28T19:17:17.112Z"}
debug: Response time: 70.387771 ms {"timestamp":"2018-10-28T19:17:17.143Z"}
verbose: > SharedRequestHandler.logRequestHeader(): args = <RequestResponse> {"timestamp":"2018-10-28T19:17:45.441Z"}
debug: Request: headers={
  "user-agent": "vscode-restclient",
  "host": "127.0.0.1:8443",
  "connection": "keep-alive"
} {"timestamp":"2018-10-28T19:17:45.441Z"}
debug: Request: protocol="https" {"timestamp":"2018-10-28T19:17:45.441Z"}
debug: Request: hostname="127.0.0.1" {"timestamp":"2018-10-28T19:17:45.441Z"}
verbose: < SharedRequestHandler.logRequestHeader(): result = void || undefined {"timestamp":"2018-10-28T19:17:45.444Z"}
debug: > ArticlehRequestHandler.find(): args = <RequestResponse> {"timestamp":"2018-10-28T19:17:45.445Z"}
debug: ArticleRequestHandler.find queryParams = {"ean":"781641"} {"timestamp":"2018-10-28T19:17:45.445Z"}
debug: > ArticleService.find(): args = [{"ean":"781641"}] {"timestamp":"2018-10-28T19:17:45.445Z"}
debug: < ArticleService.find(): result = {} {"timestamp":"2018-10-28T19:17:45.445Z"}
debug: < ArticlehRequestHandler.find(): result = {} {"timestamp":"2018-10-28T19:17:45.445Z"}
debug: ArticleRequestHandler.find: article = [{"_id":"0ca33d98-483f-4168-b9c0-86b11ebd3cc6","ean":781641,"description":"Voluptate velit anim ad do quis proident mollit cupidatat magna labore in consequat est ullamco.","price":2810.58,"availability":false,"manufacturer":"esse"}] {"timestamp":"2018-10-28T19:17:45.448Z"}
debug: Response time: 9.279791999999999 ms {"timestamp":"2018-10-28T19:17:45.450Z"}
info: Logging durch Winston ist konfiguriert {"timestamp":"2018-10-28T19:19:00.968Z"}
info: Die Benutzerkennungen sind eingelesen: [{"_id":"20000000-0000-0000-0000-000000000001","username":"admin","password":"$2b$12$jC0vLwqFtvikW9hrKL4RZ.ZMeaW5r/jYrNkm.ub23bMWL/mE2O20O","email":"admin@hska.de","roles":["admin","mitarbeiter","abteilungsleiter","kunde"]},{"_id":"20000000-0000-0000-0000-000000000002","username":"adriana.alpha","password":"$2b$12$jC0vLwqFtvikW9hrKL4RZ.ZMeaW5r/jYrNkm.ub23bMWL/mE2O20O","email":"adriana.alpha@hska.de","roles":["admin","mitarbeiter","kunde"]},{"_id":"20000000-0000-0000-0000-000000000003","username":"alfred.alpha","password":"$2b$12$jC0vLwqFtvikW9hrKL4RZ.ZMeaW5r/jYrNkm.ub23bMWL/mE2O20O","email":"alfred.alpha@hska.de","roles":["mitarbeiter","kunde"]},{"_id":"20000000-0000-0000-0000-000000000004","username":"anton.alpha","password":"$2b$12$jC0vLwqFtvikW9hrKL4RZ.ZMeaW5r/jYrNkm.ub23bMWL/mE2O20O","email":"anton.alpha@hska.de","roles":["mitarbeiter","kunde"]},{"_id":"20000000-0000-0000-0000-000000000005","username":"dirk.delta","password":"$2b$12$jC0vLwqFtvikW9hrKL4RZ.ZMeaW5r/jYrNkm.ub23bMWL/mE2O20O","email":"dirk.delta@hska.de","roles":["kunde"]},{"_id":"20000000-0000-0000-0000-000000000006","username":"emil.epsilon","password":"$2b$12$jC0vLwqFtvikW9hrKL4RZ.ZMeaW5r/jYrNkm.ub23bMWL/mE2O20O","email":"emil.epsilon@hska.de"}] {"timestamp":"2018-10-28T19:19:01.254Z"}
info: DB-Verbindung zu hska ist aufgebaut {"timestamp":"2018-10-28T19:19:02.491Z"}
info: https://localhost:8443 ist gestartet: Herunterfahren durch <Strg> C {"timestamp":"2018-10-28T19:19:02.504Z"}
verbose: > SharedRequestHandler.logRequestHeader(): args = <RequestResponse> {"timestamp":"2018-10-28T19:19:08.021Z"}
debug: Request: headers={
  "user-agent": "vscode-restclient",
  "host": "127.0.0.1:8443",
  "connection": "keep-alive"
} {"timestamp":"2018-10-28T19:19:08.022Z"}
debug: Request: protocol="https" {"timestamp":"2018-10-28T19:19:08.022Z"}
debug: Request: hostname="127.0.0.1" {"timestamp":"2018-10-28T19:19:08.022Z"}
verbose: < SharedRequestHandler.logRequestHeader(): result = void || undefined {"timestamp":"2018-10-28T19:19:08.047Z"}
debug: > ArticlehRequestHandler.helloWorld(): args = <RequestResponse> {"timestamp":"2018-10-28T19:19:08.050Z"}
debug: Aufruf der Funktion: HelloWorld {"timestamp":"2018-10-28T19:19:08.050Z"}
debug: Response time: 32.179283999999996 ms {"timestamp":"2018-10-28T19:19:08.053Z"}
debug: < ArticlehRequestHandler.helloWorld(): result = void || undefined {"timestamp":"2018-10-28T19:19:08.055Z"}
verbose: > SharedRequestHandler.logRequestHeader(): args = <RequestResponse> {"timestamp":"2018-10-28T19:19:48.727Z"}
debug: Request: headers={
  "user-agent": "vscode-restclient",
  "host": "127.0.0.1:8443",
  "connection": "keep-alive"
} {"timestamp":"2018-10-28T19:19:48.727Z"}
debug: Request: protocol="https" {"timestamp":"2018-10-28T19:19:48.727Z"}
debug: Request: hostname="127.0.0.1" {"timestamp":"2018-10-28T19:19:48.728Z"}
verbose: < SharedRequestHandler.logRequestHeader(): result = void || undefined {"timestamp":"2018-10-28T19:19:48.730Z"}
verbose: > SharedRequestHandler.validateUUID(): args = <RequestResponse> {"timestamp":"2018-10-28T19:19:48.732Z"}
debug: > ArticlehRequestHandler.findById(): args = <RequestResponse> {"timestamp":"2018-10-28T19:19:48.732Z"}
debug: ArticleRequestHandler.findById id = 7637ca05-0cd5-48a4-a03e-3ada51cee420 {"timestamp":"2018-10-28T19:19:48.733Z"}
debug: > ArticleService.findById(): args = ["7637ca05-0cd5-48a4-a03e-3ada51cee420"] {"timestamp":"2018-10-28T19:19:48.733Z"}
debug: < ArticleService.findById(): result = {} {"timestamp":"2018-10-28T19:19:48.735Z"}
debug: < ArticlehRequestHandler.findById(): result = {} {"timestamp":"2018-10-28T19:19:48.735Z"}
verbose: < SharedRequestHandler.validateUUID(): result = void || undefined {"timestamp":"2018-10-28T19:19:48.735Z"}
debug: ArticleRequestHandler.findById (): article = {"_id":"7637ca05-0cd5-48a4-a03e-3ada51cee420","ean":409010,"description":"Dolore velit sit do velit ut non eiusmod.","price":2979.59,"availability":true,"manufacturer":"dolore"} {"timestamp":"2018-10-28T19:19:48.775Z"}
debug: ArticleRequestHandler.findById VersionDb = undefined {"timestamp":"2018-10-28T19:19:48.776Z"}
debug: Response time: 49.397701999999995 ms {"timestamp":"2018-10-28T19:19:48.777Z"}
